#
# There is insufficient memory for the Java Runtime Environment to continue.
# Native memory allocation (malloc) failed to allocate 32744 bytes. Error detail: Chunk::new
# Possible reasons:
#   The system is out of physical RAM or swap space
#   This process is running with CompressedOops enabled, and the Java Heap may be blocking the growth of the native heap
# Possible solutions:
#   Reduce memory load on the system
#   Increase physical memory or swap space
#   Check if swap backing store is full
#   Decrease Java heap size (-Xmx/-Xms)
#   Decrease number of Java threads
#   Decrease Java thread stack sizes (-Xss)
#   Set larger code cache with -XX:ReservedCodeCacheSize=
#   JVM is running with Unscaled Compressed Oops mode in which the Java heap is
#     placed in the first 4GB address space. The Java Heap base address is the
#     maximum limit for the native heap growth. Please use -XX:HeapBaseMinAddress
#     to set the Java Heap base and to place the Java Heap above 4GB virtual address.
# This output file may be truncated or incomplete.
#
#  Out of Memory Error (arena.cpp:168), pid=30764, tid=27672
#
# JRE version: OpenJDK Runtime Environment Temurin-21.0.9+10 (21.0.9+10) (build 21.0.9+10-LTS)
# Java VM: OpenJDK 64-Bit Server VM Temurin-21.0.9+10 (21.0.9+10-LTS, mixed mode, sharing, tiered, compressed oops, compressed class ptrs, parallel gc, windows-amd64)
# No core dump will be written. Minidumps are not enabled by default on client versions of Windows
#

---------------  S U M M A R Y ------------

Command Line: --add-modules=ALL-SYSTEM --add-opens=java.base/java.util=ALL-UNNAMED --add-opens=java.base/java.lang=ALL-UNNAMED --add-opens=java.base/sun.nio.fs=ALL-UNNAMED -Declipse.application=org.eclipse.jdt.ls.core.id1 -Dosgi.bundles.defaultStartLevel=4 -Declipse.product=org.eclipse.jdt.ls.core.product -Djava.import.generatesMetadataFilesAtProjectRoot=false -DDetectVMInstallationsJob.disabled=true -Dfile.encoding=utf8 -XX:+UseParallelGC -XX:GCTimeRatio=4 -XX:AdaptiveSizePolicyWeight=90 -Dsun.zip.disableMemoryMapping=true -Xmx2G -Xms100m -Xlog:disable -javaagent:c:\Users\tomoy\.antigravity\extensions\redhat.java-1.51.0-win32-x64\lombok\lombok-1.18.39-4050.jar -XX:+HeapDumpOnOutOfMemoryError -XX:HeapDumpPath=c:\Users\tomoy\AppData\Roaming\Antigravity\User\workspaceStorage\401725477c75f69859740717a258c6f4\redhat.java -Daether.dependencyCollector.impl=bf c:\Users\tomoy\.antigravity\extensions\redhat.java-1.51.0-win32-x64\server\plugins\org.eclipse.equinox.launcher_1.7.100.v20251111-0406.jar -configuration c:\Users\tomoy\AppData\Roaming\Antigravity\User\globalStorage\redhat.java\1.51.0\config_win -data c:\Users\tomoy\AppData\Roaming\Antigravity\User\workspaceStorage\401725477c75f69859740717a258c6f4\redhat.java\jdt_ws --pipe=\\.\pipe\lsp-844f75d39c3cc889bbea4049907cc668-sock

Host: Intel(R) Core(TM) i7-10700F CPU @ 2.90GHz, 16 cores, 31G,  Windows 11 , 64 bit Build 26100 (10.0.26100.7623)
Time: Thu Jan 22 21:47:59 2026 elapsed time: 33.184246 seconds (0d 0h 0m 33s)

---------------  T H R E A D  ---------------

Current thread (0x00000209ed0ff1c0):  JavaThread "C1 CompilerThread0" daemon [_thread_in_native, id=27672, stack(0x0000008b1fe00000,0x0000008b1ff00000) (1024K)]


Current CompileTask:
C1:33184 2507       3       java.lang.Thread::isVirtual (5 bytes)

Stack: [0x0000008b1fe00000,0x0000008b1ff00000]
Native frames: (J=compiled Java code, j=interpreted, Vv=VM code, C=native code)
V  [jvm.dll+0x6d6e29]
V  [jvm.dll+0x8b4b76]
V  [jvm.dll+0x8b712e]
V  [jvm.dll+0x8b7813]
V  [jvm.dll+0x283d86]
V  [jvm.dll+0xc66ed]
V  [jvm.dll+0xc6c31]
V  [jvm.dll+0x285a10]
V  [jvm.dll+0x156d54]
V  [jvm.dll+0x15625c]
V  [jvm.dll+0x157fed]
V  [jvm.dll+0x25b29d]
V  [jvm.dll+0x25982a]
V  [jvm.dll+0x3f7ea6]
V  [jvm.dll+0x85e9ad]
V  [jvm.dll+0x6d565d]
C  [ucrtbase.dll+0x37b0]
C  [KERNEL32.DLL+0x2e8d7]
C  [ntdll.dll+0x8c53c]


---------------  P R O C E S S  ---------------

Threads class SMR info:
_java_thread_list=0x00000209f3577890, length=16, elements={
0x000002099201baa0, 0x0000020994276ca0, 0x000002099437d310, 0x0000020994381400,
0x0000020994382050, 0x0000020994386ec0, 0x0000020994387910, 0x0000020994388740,
0x00000209ed0ff1c0, 0x00000209ed2d8d20, 0x00000209f3041680, 0x00000209f388a780,
0x00000209f3de2910, 0x00000209f398da70, 0x00000209f398e0d0, 0x00000209f3fbbf60
}

Java Threads: ( => current thread )
  0x000002099201baa0 JavaThread "main"                              [_thread_blocked, id=23752, stack(0x0000008b1f200000,0x0000008b1f300000) (1024K)]
  0x0000020994276ca0 JavaThread "Reference Handler"          daemon [_thread_blocked, id=30120, stack(0x0000008b1f700000,0x0000008b1f800000) (1024K)]
  0x000002099437d310 JavaThread "Finalizer"                  daemon [_thread_blocked, id=4808, stack(0x0000008b1f800000,0x0000008b1f900000) (1024K)]
  0x0000020994381400 JavaThread "Signal Dispatcher"          daemon [_thread_blocked, id=38204, stack(0x0000008b1f900000,0x0000008b1fa00000) (1024K)]
  0x0000020994382050 JavaThread "Attach Listener"            daemon [_thread_blocked, id=36360, stack(0x0000008b1fa00000,0x0000008b1fb00000) (1024K)]
  0x0000020994386ec0 JavaThread "Service Thread"             daemon [_thread_blocked, id=24980, stack(0x0000008b1fb00000,0x0000008b1fc00000) (1024K)]
  0x0000020994387910 JavaThread "Monitor Deflation Thread"   daemon [_thread_blocked, id=39812, stack(0x0000008b1fc00000,0x0000008b1fd00000) (1024K)]
  0x0000020994388740 JavaThread "C2 CompilerThread0"         daemon [_thread_blocked, id=26048, stack(0x0000008b1fd00000,0x0000008b1fe00000) (1024K)]
=>0x00000209ed0ff1c0 JavaThread "C1 CompilerThread0"         daemon [_thread_in_native, id=27672, stack(0x0000008b1fe00000,0x0000008b1ff00000) (1024K)]
  0x00000209ed2d8d20 JavaThread "Common-Cleaner"             daemon [_thread_blocked, id=34556, stack(0x0000008b20200000,0x0000008b20300000) (1024K)]
  0x00000209f3041680 JavaThread "Notification Thread"        daemon [_thread_blocked, id=38824, stack(0x0000008b20300000,0x0000008b20400000) (1024K)]
  0x00000209f388a780 JavaThread "Active Thread: Equinox Container: 47967528-1ad4-4ae0-bbe7-ea29b95fabaa"        [_thread_blocked, id=2480, stack(0x0000008b20c00000,0x0000008b20d00000) (1024K)]
  0x00000209f3de2910 JavaThread "Refresh Thread: Equinox Container: 47967528-1ad4-4ae0-bbe7-ea29b95fabaa" daemon [_thread_blocked, id=40804, stack(0x0000008b20100000,0x0000008b20200000) (1024K)]
  0x00000209f398da70 JavaThread "Framework Event Dispatcher: Equinox Container: 47967528-1ad4-4ae0-bbe7-ea29b95fabaa" daemon [_thread_blocked, id=40808, stack(0x0000008b20400000,0x0000008b20500000) (1024K)]
  0x00000209f398e0d0 JavaThread "Start Level: Equinox Container: 47967528-1ad4-4ae0-bbe7-ea29b95fabaa" daemon [_thread_in_native, id=40812, stack(0x0000008b20a00000,0x0000008b20b00000) (1024K)]
  0x00000209f3fbbf60 JavaThread "Bundle File Closer"         daemon [_thread_blocked, id=25964, stack(0x0000008b21100000,0x0000008b21200000) (1024K)]
Total: 16

Other Threads:
  0x0000020994264060 VMThread "VM Thread"                           [id=25148, stack(0x0000008b1f600000,0x0000008b1f700000) (1024K)]
  0x000002099415ca00 WatcherThread "VM Periodic Task Thread"        [id=13812, stack(0x0000008b1f500000,0x0000008b1f600000) (1024K)]
  0x00000209942efd70 WorkerThread "GC Thread#0"                     [id=34900, stack(0x0000008b1f400000,0x0000008b1f500000) (1024K)]
  0x00000209f33946f0 WorkerThread "GC Thread#1"                     [id=6220, stack(0x0000008b20000000,0x0000008b20100000) (1024K)]
  0x00000209f3394a90 WorkerThread "GC Thread#2"                     [id=19532, stack(0x0000008b20500000,0x0000008b20600000) (1024K)]
  0x00000209f34817e0 WorkerThread "GC Thread#3"                     [id=38752, stack(0x0000008b20600000,0x0000008b20700000) (1024K)]
  0x00000209f3481b80 WorkerThread "GC Thread#4"                     [id=10020, stack(0x0000008b20700000,0x0000008b20800000) (1024K)]
  0x00000209f3481f20 WorkerThread "GC Thread#5"                     [id=20448, stack(0x0000008b20800000,0x0000008b20900000) (1024K)]
  0x00000209f39a2150 WorkerThread "GC Thread#6"                     [id=37036, stack(0x0000008b20900000,0x0000008b20a00000) (1024K)]
  0x00000209f3c1d190 WorkerThread "GC Thread#7"                     [id=39084, stack(0x0000008b20d00000,0x0000008b20e00000) (1024K)]
  0x00000209f36a96a0 WorkerThread "GC Thread#8"                     [id=40864, stack(0x0000008b20b00000,0x0000008b20c00000) (1024K)]
  0x00000209f36a9a40 WorkerThread "GC Thread#9"                     [id=40868, stack(0x0000008b20e00000,0x0000008b20f00000) (1024K)]
  0x00000209f3923b50 WorkerThread "GC Thread#10"                    [id=40872, stack(0x0000008b20f00000,0x0000008b21000000) (1024K)]
Total: 13

Threads with active compile tasks:
C1 CompilerThread0  33197 2507       3       java.lang.Thread::isVirtual (5 bytes)
Total: 1

VM state: not at safepoint (normal execution)

VM Mutex/Monitor currently owned by a thread: None

Heap address: 0x0000000080000000, size: 2048 MB, Compressed Oops mode: 32-bit

CDS archive(s) mapped at: [0x00000209ab000000-0x00000209abba0000-0x00000209abba0000), size 12189696, SharedBaseAddress: 0x00000209ab000000, ArchiveRelocationMode: 1.
Compressed class space mapped at: 0x00000209ac000000-0x00000209ec000000, reserved size: 1073741824
Narrow klass base: 0x00000209ab000000, Narrow klass shift: 0, Narrow klass range: 0x100000000

GC Precious Log:
 CardTable entry size: 512
 CPUs: 16 total, 16 available
 Memory: 32639M
 Large Page Support: Disabled
 NUMA Support: Disabled
 Compressed Oops: Enabled (32-bit)
 Alignments: Space 512K, Generation 512K, Heap 2M
 Heap Min Capacity: 100M
 Heap Initial Capacity: 100M
 Heap Max Capacity: 2G
 Pre-touch: Disabled
 Parallel Workers: 13

Heap:
 PSYoungGen      total 29696K, used 18360K [0x00000000d5580000, 0x00000000d7680000, 0x0000000100000000)
  eden space 25600K, 55% used [0x00000000d5580000,0x00000000d6374400,0x00000000d6e80000)
  from space 4096K, 99% used [0x00000000d6e80000,0x00000000d7279e18,0x00000000d7280000)
  to   space 4096K, 0% used [0x00000000d7280000,0x00000000d7280000,0x00000000d7680000)
 ParOldGen       total 68608K, used 4379K [0x0000000080000000, 0x0000000084300000, 0x00000000d5580000)
  object space 68608K, 6% used [0x0000000080000000,0x0000000080446d00,0x0000000084300000)
 Metaspace       used 9672K, committed 9984K, reserved 1114112K
  class space    used 1013K, committed 1152K, reserved 1048576K

Card table byte_map: [0x0000020993c70000,0x0000020994080000] _byte_map_base: 0x0000020993870000

Marking Bits: (ParMarkBitMap*) 0x00007ffefe4e2460
 Begin Bits: [0x00000209a6780000, 0x00000209a8780000)
 End Bits:   [0x00000209a8780000, 0x00000209aa780000)

Polling page: 0x0000020992260000

Metaspace:

Usage:
  Non-class:      8.46 MB used.
      Class:   1013.08 KB used.
       Both:      9.45 MB used.

Virtual space:
  Non-class space:       64.00 MB reserved,       8.62 MB ( 13%) committed,  1 nodes.
      Class space:        1.00 GB reserved,       1.12 MB ( <1%) committed,  1 nodes.
             Both:        1.06 GB reserved,       9.75 MB ( <1%) committed. 

Chunk freelists:
   Non-Class:  6.58 MB
       Class:  14.79 MB
        Both:  21.36 MB

MaxMetaspaceSize: unlimited
CompressedClassSpaceSize: 1.00 GB
Initial GC threshold: 21.00 MB
Current GC threshold: 21.00 MB
CDS: on
 - commit_granule_bytes: 65536.
 - commit_granule_words: 8192.
 - virtual_space_node_default_size: 8388608.
 - enlarge_chunks_in_place: 1.
 - use_allocation_guard: 0.


Internal statistics:

num_allocs_failed_limit: 0.
num_arena_births: 258.
num_arena_deaths: 0.
num_vsnodes_births: 2.
num_vsnodes_deaths: 0.
num_space_committed: 156.
num_space_uncommitted: 0.
num_chunks_returned_to_freelist: 0.
num_chunks_taken_from_freelist: 516.
num_chunk_merges: 0.
num_chunk_splits: 326.
num_chunks_enlarged: 215.
num_inconsistent_stats: 0.

CodeHeap 'non-profiled nmethods': size=119168Kb used=1128Kb max_used=1128Kb free=118039Kb
 bounds [0x000002099f070000, 0x000002099f2e0000, 0x00000209a64d0000]
CodeHeap 'profiled nmethods': size=119104Kb used=4847Kb max_used=4847Kb free=114256Kb
 bounds [0x00000209974d0000, 0x0000020997990000, 0x000002099e920000]
CodeHeap 'non-nmethods': size=7488Kb used=1233Kb max_used=2378Kb free=6254Kb
 bounds [0x000002099e920000, 0x000002099eb90000, 0x000002099f070000]
CodeCache: size=245760Kb, used=7208Kb, max_used=8353Kb, free=238549Kb
 total_blobs=3000, nmethods=2504, adapters=402, full_count=0
Compilation: enabled, stopped_count=0, restarted_count=0

Compilation events (20 events):
Event: 25.543 Thread 0x00000209ed0ff1c0 nmethod 2496 0x0000020997987690 code [0x0000020997987840, 0x0000020997987a48]
Event: 25.543 Thread 0x00000209ed0ff1c0 2497       3       jdk.internal.misc.Unsafe::putReferenceOpaque (9 bytes)
Event: 25.543 Thread 0x00000209ed0ff1c0 nmethod 2497 0x0000020997987b10 code [0x0000020997987ca0, 0x0000020997987dd0]
Event: 25.730 Thread 0x00000209ed0ff1c0 2499       3       java.lang.invoke.InvokerBytecodeGenerator::isStaticallyNameable (148 bytes)
Event: 25.730 Thread 0x00000209ed0ff1c0 nmethod 2499 0x0000020997987e90 code [0x0000020997988140, 0x0000020997988bd0]
Event: 25.730 Thread 0x00000209ed0ff1c0 2500       3       java.lang.ref.ReferenceQueue::poll0 (65 bytes)
Event: 25.730 Thread 0x00000209ed0ff1c0 nmethod 2500 0x0000020997988f10 code [0x00000209979890e0, 0x0000020997989510]
Event: 25.730 Thread 0x00000209ed0ff1c0 2501       3       java.lang.invoke.MethodHandles$Lookup$ClassFile::newInstanceNoCheck (11 bytes)
Event: 25.731 Thread 0x00000209ed0ff1c0 nmethod 2501 0x0000020997989610 code [0x00000209979897c0, 0x00000209979899f8]
Event: 25.731 Thread 0x00000209ed0ff1c0 2502       3       java.lang.invoke.MethodHandles$Lookup$ClassFile::<init> (20 bytes)
Event: 25.731 Thread 0x00000209ed0ff1c0 nmethod 2502 0x0000020997989b10 code [0x0000020997989cc0, 0x0000020997989e60]
Event: 25.731 Thread 0x00000209ed0ff1c0 2503       3       java.lang.invoke.MethodHandles$Lookup$ClassDefiner::<init> (64 bytes)
Event: 25.731 Thread 0x00000209ed0ff1c0 nmethod 2503 0x0000020997989f10 code [0x000002099798a0c0, 0x000002099798a298]
Event: 25.731 Thread 0x00000209ed0ff1c0 2504   !   3       java.lang.invoke.MethodHandles$Lookup$ClassDefiner::defineClass (213 bytes)
Event: 25.731 Thread 0x00000209ed0ff1c0 nmethod 2504 0x000002099798a390 code [0x000002099798a620, 0x000002099798b0c8]
Event: 25.731 Thread 0x00000209ed0ff1c0 2505       3       java.lang.System$2::defineClass (21 bytes)
Event: 25.731 Thread 0x00000209ed0ff1c0 nmethod 2505 0x000002099798b610 code [0x000002099798b7c0, 0x000002099798b938]
Event: 25.792 Thread 0x00000209ed0ff1c0 2506       3       java.util.concurrent.locks.AbstractQueuedSynchronizer::casTail (13 bytes)
Event: 25.792 Thread 0x00000209ed0ff1c0 nmethod 2506 0x000002099798ba10 code [0x000002099798bba0, 0x000002099798bce0]
Event: 31.158 Thread 0x00000209ed0ff1c0 2507       3       java.lang.Thread::isVirtual (5 bytes)

GC Heap History (6 events):
Event: 2.977 GC heap before
{Heap before GC invocations=1 (full 0):
 PSYoungGen      total 29696K, used 25600K [0x00000000d5580000, 0x00000000d7680000, 0x0000000100000000)
  eden space 25600K, 100% used [0x00000000d5580000,0x00000000d6e80000,0x00000000d6e80000)
  from space 4096K, 0% used [0x00000000d7280000,0x00000000d7280000,0x00000000d7680000)
  to   space 4096K, 0% used [0x00000000d6e80000,0x00000000d6e80000,0x00000000d7280000)
 ParOldGen       total 68608K, used 0K [0x0000000080000000, 0x0000000084300000, 0x00000000d5580000)
  object space 68608K, 0% used [0x0000000080000000,0x0000000080000000,0x0000000084300000)
 Metaspace       used 4163K, committed 4416K, reserved 1114112K
  class space    used 457K, committed 576K, reserved 1048576K
}
Event: 2.986 GC heap after
{Heap after GC invocations=1 (full 0):
 PSYoungGen      total 29696K, used 3802K [0x00000000d5580000, 0x00000000d7680000, 0x0000000100000000)
  eden space 25600K, 0% used [0x00000000d5580000,0x00000000d5580000,0x00000000d6e80000)
  from space 4096K, 92% used [0x00000000d6e80000,0x00000000d72368c0,0x00000000d7280000)
  to   space 4096K, 0% used [0x00000000d7280000,0x00000000d7280000,0x00000000d7680000)
 ParOldGen       total 68608K, used 8K [0x0000000080000000, 0x0000000084300000, 0x00000000d5580000)
  object space 68608K, 0% used [0x0000000080000000,0x0000000080002000,0x0000000084300000)
 Metaspace       used 4163K, committed 4416K, reserved 1114112K
  class space    used 457K, committed 576K, reserved 1048576K
}
Event: 3.714 GC heap before
{Heap before GC invocations=2 (full 0):
 PSYoungGen      total 29696K, used 29402K [0x00000000d5580000, 0x00000000d7680000, 0x0000000100000000)
  eden space 25600K, 100% used [0x00000000d5580000,0x00000000d6e80000,0x00000000d6e80000)
  from space 4096K, 92% used [0x00000000d6e80000,0x00000000d72368c0,0x00000000d7280000)
  to   space 4096K, 0% used [0x00000000d7280000,0x00000000d7280000,0x00000000d7680000)
 ParOldGen       total 68608K, used 8K [0x0000000080000000, 0x0000000084300000, 0x00000000d5580000)
  object space 68608K, 0% used [0x0000000080000000,0x0000000080002000,0x0000000084300000)
 Metaspace       used 7865K, committed 8192K, reserved 1114112K
  class space    used 815K, committed 960K, reserved 1048576K
}
Event: 3.721 GC heap after
{Heap after GC invocations=2 (full 0):
 PSYoungGen      total 29696K, used 4075K [0x00000000d5580000, 0x00000000d7680000, 0x0000000100000000)
  eden space 25600K, 0% used [0x00000000d5580000,0x00000000d5580000,0x00000000d6e80000)
  from space 4096K, 99% used [0x00000000d7280000,0x00000000d767ae20,0x00000000d7680000)
  to   space 4096K, 0% used [0x00000000d6e80000,0x00000000d6e80000,0x00000000d7280000)
 ParOldGen       total 68608K, used 1998K [0x0000000080000000, 0x0000000084300000, 0x00000000d5580000)
  object space 68608K, 2% used [0x0000000080000000,0x00000000801f3858,0x0000000084300000)
 Metaspace       used 7865K, committed 8192K, reserved 1114112K
  class space    used 815K, committed 960K, reserved 1048576K
}
Event: 20.382 GC heap before
{Heap before GC invocations=3 (full 0):
 PSYoungGen      total 29696K, used 29669K [0x00000000d5580000, 0x00000000d7680000, 0x0000000100000000)
  eden space 25600K, 99% used [0x00000000d5580000,0x00000000d6e7e888,0x00000000d6e80000)
  from space 4096K, 99% used [0x00000000d7280000,0x00000000d767ae20,0x00000000d7680000)
  to   space 4096K, 0% used [0x00000000d6e80000,0x00000000d6e80000,0x00000000d7280000)
 ParOldGen       total 68608K, used 1998K [0x0000000080000000, 0x0000000084300000, 0x00000000d5580000)
  object space 68608K, 2% used [0x0000000080000000,0x00000000801f3858,0x0000000084300000)
 Metaspace       used 9492K, committed 9792K, reserved 1114112K
  class space    used 1011K, committed 1152K, reserved 1048576K
}
Event: 20.386 GC heap after
{Heap after GC invocations=3 (full 0):
 PSYoungGen      total 29696K, used 4071K [0x00000000d5580000, 0x00000000d7680000, 0x0000000100000000)
  eden space 25600K, 0% used [0x00000000d5580000,0x00000000d5580000,0x00000000d6e80000)
  from space 4096K, 99% used [0x00000000d6e80000,0x00000000d7279e18,0x00000000d7280000)
  to   space 4096K, 0% used [0x00000000d7280000,0x00000000d7280000,0x00000000d7680000)
 ParOldGen       total 68608K, used 4379K [0x0000000080000000, 0x0000000084300000, 0x00000000d5580000)
  object space 68608K, 6% used [0x0000000080000000,0x0000000080446d00,0x0000000084300000)
 Metaspace       used 9492K, committed 9792K, reserved 1114112K
  class space    used 1011K, committed 1152K, reserved 1048576K
}

Dll operation events (9 events):
Event: 0.033 Loaded shared library c:\Users\tomoy\.antigravity\extensions\redhat.java-1.51.0-win32-x64\jre\21.0.9-win32-x86_64\bin\java.dll
Event: 0.095 Loaded shared library c:\Users\tomoy\.antigravity\extensions\redhat.java-1.51.0-win32-x64\jre\21.0.9-win32-x86_64\bin\zip.dll
Event: 0.205 Loaded shared library C:\Users\tomoy\.antigravity\extensions\redhat.java-1.51.0-win32-x64\jre\21.0.9-win32-x86_64\bin\instrument.dll
Event: 0.211 Loaded shared library C:\Users\tomoy\.antigravity\extensions\redhat.java-1.51.0-win32-x64\jre\21.0.9-win32-x86_64\bin\net.dll
Event: 0.229 Loaded shared library C:\Users\tomoy\.antigravity\extensions\redhat.java-1.51.0-win32-x64\jre\21.0.9-win32-x86_64\bin\nio.dll
Event: 0.233 Loaded shared library C:\Users\tomoy\.antigravity\extensions\redhat.java-1.51.0-win32-x64\jre\21.0.9-win32-x86_64\bin\zip.dll
Event: 0.252 Loaded shared library C:\Users\tomoy\.antigravity\extensions\redhat.java-1.51.0-win32-x64\jre\21.0.9-win32-x86_64\bin\jimage.dll
Event: 0.353 Loaded shared library c:\Users\tomoy\.antigravity\extensions\redhat.java-1.51.0-win32-x64\jre\21.0.9-win32-x86_64\bin\verify.dll
Event: 17.838 Loaded shared library C:\Users\tomoy\AppData\Roaming\Antigravity\User\globalStorage\redhat.java\1.51.0\config_win\org.eclipse.equinox.launcher\org.eclipse.equinox.launcher.win32.win32.x86_64_1.2.1400.v20250801-0854\eclipse_11916.dll

Deoptimization events (20 events):
Event: 23.607 Thread 0x00000209f398e0d0 Uncommon trap: trap_request=0xffffff45 fr.pc=0x000002099f087754 relative=0x0000000000000134
Event: 23.607 Thread 0x00000209f398e0d0 Uncommon trap: reason=unstable_if action=reinterpret pc=0x000002099f087754 method=java.lang.StringCoding.countPositives([BII)I @ 17 c2
Event: 23.607 Thread 0x00000209f398e0d0 DEOPT PACKING pc=0x000002099f087754 sp=0x0000008b20afcfc0
Event: 23.607 Thread 0x00000209f398e0d0 DEOPT UNPACKING pc=0x000002099e973aa2 sp=0x0000008b20afcf48 mode 2
Event: 23.610 Thread 0x00000209f398e0d0 DEOPT PACKING pc=0x0000020997953449 sp=0x0000008b20afcfd0
Event: 23.610 Thread 0x00000209f398e0d0 DEOPT UNPACKING pc=0x000002099e974242 sp=0x0000008b20afc440 mode 0
Event: 23.613 Thread 0x00000209f398e0d0 DEOPT PACKING pc=0x0000020997953449 sp=0x0000008b20afcfd0
Event: 23.613 Thread 0x00000209f398e0d0 DEOPT UNPACKING pc=0x000002099e974242 sp=0x0000008b20afc440 mode 0
Event: 23.672 Thread 0x00000209f398e0d0 DEOPT PACKING pc=0x0000020997953449 sp=0x0000008b20afd040
Event: 23.672 Thread 0x00000209f398e0d0 DEOPT UNPACKING pc=0x000002099e974242 sp=0x0000008b20afc4b0 mode 0
Event: 23.676 Thread 0x00000209f398e0d0 DEOPT PACKING pc=0x0000020997953449 sp=0x0000008b20afcfd0
Event: 23.676 Thread 0x00000209f398e0d0 DEOPT UNPACKING pc=0x000002099e974242 sp=0x0000008b20afc440 mode 0
Event: 23.685 Thread 0x00000209f398e0d0 DEOPT PACKING pc=0x0000020997953449 sp=0x0000008b20afcfd0
Event: 23.685 Thread 0x00000209f398e0d0 DEOPT UNPACKING pc=0x000002099e974242 sp=0x0000008b20afc440 mode 0
Event: 23.704 Thread 0x00000209f398e0d0 Uncommon trap: trap_request=0xffffff45 fr.pc=0x000002099f0df668 relative=0x00000000000001a8
Event: 23.704 Thread 0x00000209f398e0d0 Uncommon trap: reason=unstable_if action=reinterpret pc=0x000002099f0df668 method=java.lang.String.startsWith(Ljava/lang/String;I)Z @ 50 c2
Event: 23.704 Thread 0x00000209f398e0d0 DEOPT PACKING pc=0x000002099f0df668 sp=0x0000008b20afe090
Event: 23.704 Thread 0x00000209f398e0d0 DEOPT UNPACKING pc=0x000002099e973aa2 sp=0x0000008b20afdfc0 mode 2
Event: 23.734 Thread 0x00000209f398e0d0 DEOPT PACKING pc=0x0000020997953449 sp=0x0000008b20afd530
Event: 23.734 Thread 0x00000209f398e0d0 DEOPT UNPACKING pc=0x000002099e974242 sp=0x0000008b20afc9b8 mode 0

Classes loaded (20 events):
Event: 18.977 Loading class sun/util/logging/resources/logging_ja_JP
Event: 18.977 Loading class sun/util/logging/resources/logging_ja_JP done
Event: 18.977 Loading class sun/util/logging/resources/logging_ja_JP
Event: 18.977 Loading class sun/util/logging/resources/logging_ja_JP done
Event: 18.979 Loading class java/util/Formatter$DateTime
Event: 18.980 Loading class java/util/Formatter$DateTime done
Event: 18.980 Loading class java/util/Formatter$FixedString
Event: 18.980 Loading class java/util/Formatter$FixedString done
Event: 18.980 Loading class java/time/ZonedDateTime$1
Event: 18.980 Loading class java/time/ZonedDateTime$1 done
Event: 18.982 Loading class jdk/internal/module/ModulePatcher$PatchedModuleReader
Event: 18.982 Loading class jdk/internal/module/ModulePatcher$PatchedModuleReader done
Event: 18.985 Loading class sun/util/resources/LocaleData$CommonResourceBundleProvider
Event: 18.985 Loading class sun/util/resources/LocaleData$LocaleDataResourceBundleProvider
Event: 18.985 Loading class java/util/spi/ResourceBundleProvider
Event: 18.985 Loading class java/util/spi/ResourceBundleProvider done
Event: 18.985 Loading class sun/util/resources/LocaleData$LocaleDataResourceBundleProvider done
Event: 18.985 Loading class sun/util/resources/LocaleData$CommonResourceBundleProvider done
Event: 18.986 Loading class sun/util/resources/Bundles$2
Event: 18.986 Loading class sun/util/resources/Bundles$2 done

Classes unloaded (0 events):
No events

Classes redefined (0 events):
No events

Internal exceptions (20 events):
Event: 3.086 Thread 0x000002099201baa0 Implicit null exception at 0x000002099f0dbcc9 to 0x000002099f0dc7c4
Event: 3.087 Thread 0x000002099201baa0 Implicit null exception at 0x000002099f0ced9a to 0x000002099f0cefbc
Event: 3.088 Thread 0x000002099201baa0 Exception <a 'java/lang/NoSuchMethodError'{0x00000000d58b3df8}: 'void java.lang.invoke.DirectMethodHandle$Holder.invokeStatic(java.lang.Object, java.lang.Object, java.lang.Object, java.lang.Object)'> (0x00000000d58b3df8) 
thrown [s\src\hotspot\share\interpreter\linkResolver.cpp, line 773]
Event: 3.090 Thread 0x000002099201baa0 Implicit null exception at 0x000002099f0d749a to 0x000002099f0d76bc
Event: 3.090 Thread 0x000002099201baa0 Implicit null exception at 0x000002099f0cae40 to 0x000002099f0caec5
Event: 3.231 Thread 0x000002099201baa0 Exception <a 'java/lang/NoSuchMethodError'{0x00000000d5ba0718}: 'void java.lang.invoke.DirectMethodHandle$Holder.invokeSpecial(java.lang.Object, java.lang.Object, java.lang.Object)'> (0x00000000d5ba0718) 
thrown [s\src\hotspot\share\interpreter\linkResolver.cpp, line 773]
Event: 3.471 Thread 0x000002099201baa0 Exception <a 'java/lang/NoSuchMethodError'{0x00000000d66405c8}: 'int java.lang.invoke.DirectMethodHandle$Holder.invokeVirtual(java.lang.Object, java.lang.Object)'> (0x00000000d66405c8) 
thrown [s\src\hotspot\share\interpreter\linkResolver.cpp, line 773]
Event: 3.530 Thread 0x000002099201baa0 Exception <a 'java/lang/NoSuchMethodError'{0x00000000d67c9978}: 'int java.lang.invoke.DirectMethodHandle$Holder.invokeStaticInit(java.lang.Object, java.lang.Object, java.lang.Object, java.lang.Object)'> (0x00000000d67c9978) 
thrown [s\src\hotspot\share\interpreter\linkResolver.cpp, line 773]
Event: 3.531 Thread 0x000002099201baa0 Exception <a 'java/lang/IncompatibleClassChangeError'{0x00000000d67d1d80}: Found class java.lang.Object, but interface was expected> (0x00000000d67d1d80) 
thrown [s\src\hotspot\share\interpreter\linkResolver.cpp, line 840]
Event: 3.532 Thread 0x000002099201baa0 Exception <a 'java/lang/NoSuchMethodError'{0x00000000d67d8c30}: 'void java.lang.invoke.DirectMethodHandle$Holder.invokeStaticInit(java.lang.Object, java.lang.Object)'> (0x00000000d67d8c30) 
thrown [s\src\hotspot\share\interpreter\linkResolver.cpp, line 773]
Event: 3.532 Thread 0x000002099201baa0 Exception <a 'java/lang/NoSuchMethodError'{0x00000000d67e2988}: 'int java.lang.invoke.DirectMethodHandle$Holder.invokeStaticInit(java.lang.Object, java.lang.Object)'> (0x00000000d67e2988) 
thrown [s\src\hotspot\share\interpreter\linkResolver.cpp, line 773]
Event: 3.620 Thread 0x000002099201baa0 Exception <a 'java/lang/NoSuchMethodError'{0x00000000d6a4a1e8}: 'java.lang.Object java.lang.invoke.DirectMethodHandle$Holder.newInvokeSpecial(java.lang.Object, int, java.lang.Object)'> (0x00000000d6a4a1e8) 
thrown [s\src\hotspot\share\interpreter\linkResolver.cpp, line 773]
Event: 3.674 Thread 0x000002099201baa0 Exception <a 'java/lang/ClassNotFoundException'{0x00000000d6c64c78}: sun/net/www/protocol/plurl/Handler> (0x00000000d6c64c78) 
thrown [s\src\hotspot\share\classfile\systemDictionary.cpp, line 312]
Event: 3.674 Thread 0x000002099201baa0 Exception <a 'java/lang/ClassNotFoundException'{0x00000000d6c65af8}: sun/net/www/protocol/plurl/Handler> (0x00000000d6c65af8) 
thrown [s\src\hotspot\share\classfile\systemDictionary.cpp, line 312]
Event: 17.832 Thread 0x000002099201baa0 Exception <a 'java/lang/UnsatisfiedLinkError'{0x00000000d585c950}: 'void org.eclipse.equinox.launcher.JNIBridge._update_splash()'> (0x00000000d585c950) 
thrown [s\src\hotspot\share\prims\nativeLookup.cpp, line 415]
Event: 17.855 Thread 0x00000209f3de2910 Exception <a 'java/lang/NoSuchMethodError'{0x00000000d5aed3c8}: 'void java.lang.invoke.DirectMethodHandle$Holder.invokeInterface(java.lang.Object, java.lang.Object, java.lang.Object)'> (0x00000000d5aed3c8) 
thrown [s\src\hotspot\share\interpreter\linkResolver.cpp, line 773]
Event: 18.939 Thread 0x00000209f398e0d0 Exception <a 'java/lang/NoSuchMethodError'{0x00000000d5eb7bc8}: 'java.lang.Object java.lang.invoke.DirectMethodHandle$Holder.newInvokeSpecial(java.lang.Object, java.lang.Object, int, java.lang.Object)'> (0x00000000d5eb7bc8) 
thrown [s\src\hotspot\share\interpreter\linkResolver.cpp, line 773]
Event: 18.939 Thread 0x00000209f398e0d0 Exception <a 'java/lang/NoSuchMethodError'{0x00000000d5ebb9f8}: 'java.lang.Object java.lang.invoke.DirectMethodHandle$Holder.invokeSpecial(java.lang.Object, java.lang.Object, java.lang.Object, int, java.lang.Object)'> (0x00000000d5ebb9f8) 
thrown [s\src\hotspot\share\interpreter\linkResolver.cpp, line 773]
Event: 18.947 Thread 0x00000209f398e0d0 Exception <a 'java/lang/NoClassDefFoundError'{0x00000000d5f63788}: jakarta/servlet/ServletContainerInitializer> (0x00000000d5f63788) 
thrown [s\src\hotspot\share\classfile\systemDictionary.cpp, line 301]
Event: 18.976 Thread 0x00000209f398e0d0 Exception <a 'java/lang/ClassNotFoundException'{0x00000000d60bfd18}: sun/util/logging/resources/spi/loggingProvider> (0x00000000d60bfd18) 
thrown [s\src\hotspot\share\classfile\systemDictionary.cpp, line 312]

ZGC Phase Switch (0 events):
No events

VM Operations (20 events):
Event: 18.978 Executing VM operation: HandshakeAllThreads (Deoptimize)
Event: 18.978 Executing VM operation: HandshakeAllThreads (Deoptimize) done
Event: 18.982 Executing VM operation: HandshakeAllThreads (Deoptimize)
Event: 18.982 Executing VM operation: HandshakeAllThreads (Deoptimize) done
Event: 18.994 Executing VM operation: HandshakeAllThreads (Deoptimize)
Event: 18.994 Executing VM operation: HandshakeAllThreads (Deoptimize) done
Event: 20.005 Executing VM operation: Cleanup
Event: 20.005 Executing VM operation: Cleanup done
Event: 20.382 Executing VM operation: ParallelGCFailedAllocation (Allocation Failure)
Event: 20.386 Executing VM operation: ParallelGCFailedAllocation (Allocation Failure) done
Event: 21.400 Executing VM operation: Cleanup
Event: 21.400 Executing VM operation: Cleanup done
Event: 23.422 Executing VM operation: Cleanup
Event: 23.422 Executing VM operation: Cleanup done
Event: 23.578 Executing VM operation: HandshakeAllThreads (Deoptimize)
Event: 23.579 Executing VM operation: HandshakeAllThreads (Deoptimize) done
Event: 24.590 Executing VM operation: Cleanup
Event: 24.590 Executing VM operation: Cleanup done
Event: 25.604 Executing VM operation: Cleanup
Event: 25.604 Executing VM operation: Cleanup done

Memory protections (0 events):
No events

Nmethod flushes (0 events):
No events

Events (20 events):
Event: 4.414 Thread 0x00000209f385b1e0 Thread exited: 0x00000209f385b1e0
Event: 4.414 Thread 0x00000209f3116130 Thread exited: 0x00000209f3116130
Event: 4.415 Thread 0x00000209ed1ce940 Thread exited: 0x00000209ed1ce940
Event: 7.695 Thread 0x00000209f3513bb0 Thread exited: 0x00000209f3513bb0
Event: 17.827 Thread 0x00000209ed0ff1c0 Thread added: 0x00000209f3899bb0
Event: 17.831 Thread 0x000002099201baa0 Thread added: 0x00000209f3de2910
Event: 17.857 Thread 0x00000209f3de2910 Thread added: 0x00000209f398da70
Event: 17.859 Thread 0x000002099201baa0 Thread added: 0x00000209f398e0d0
Event: 18.224 Thread 0x00000209f3899bb0 Thread exited: 0x00000209f3899bb0
Event: 18.994 Thread 0x00000209ed0ff1c0 Thread added: 0x00000209ed22c8a0
Event: 18.998 Thread 0x00000209ed0ff1c0 Thread added: 0x00000209ed22cf40
Event: 18.998 Thread 0x00000209ed0ff1c0 Thread added: 0x00000209ed22d5e0
Event: 18.998 Thread 0x00000209ed0ff1c0 Thread added: 0x00000209ed22dc80
Event: 19.293 Thread 0x00000209ed22dc80 Thread exited: 0x00000209ed22dc80
Event: 19.400 Thread 0x00000209ed22d5e0 Thread exited: 0x00000209ed22d5e0
Event: 19.788 Thread 0x00000209ed22cf40 Thread exited: 0x00000209ed22cf40
Event: 23.424 Thread 0x00000209ed22c8a0 Thread added: 0x00000209f36a9de0
Event: 23.572 Thread 0x00000209f398e0d0 Thread added: 0x00000209f3fbbf60
Event: 24.480 Thread 0x00000209ed22c8a0 Thread exited: 0x00000209ed22c8a0
Event: 25.542 Thread 0x00000209f36a9de0 Thread exited: 0x00000209f36a9de0


Dynamic libraries:
0x00007ff7984b0000 - 0x00007ff7984be000 	c:\Users\tomoy\.antigravity\extensions\redhat.java-1.51.0-win32-x64\jre\21.0.9-win32-x86_64\bin\java.exe
0x00007fff98680000 - 0x00007fff988e7000 	C:\WINDOWS\SYSTEM32\ntdll.dll
0x00007fff97100000 - 0x00007fff971c9000 	C:\WINDOWS\System32\KERNEL32.DLL
0x00007fff95a70000 - 0x00007fff95e5f000 	C:\WINDOWS\System32\KERNELBASE.dll
0x00007fff962d0000 - 0x00007fff9641b000 	C:\WINDOWS\System32\ucrtbase.dll
0x00007fff8ea20000 - 0x00007fff8ea38000 	c:\Users\tomoy\.antigravity\extensions\redhat.java-1.51.0-win32-x64\jre\21.0.9-win32-x86_64\bin\jli.dll
0x00007fff971d0000 - 0x00007fff97395000 	C:\WINDOWS\System32\USER32.dll
0x00007fff962a0000 - 0x00007fff962c7000 	C:\WINDOWS\System32\win32u.dll
0x00007fff97460000 - 0x00007fff9748b000 	C:\WINDOWS\System32\GDI32.dll
0x00007fff957d0000 - 0x00007fff958fc000 	C:\WINDOWS\System32\gdi32full.dll
0x00007fff95e70000 - 0x00007fff95f13000 	C:\WINDOWS\System32\msvcp_win.dll
0x00007fff7af10000 - 0x00007fff7af2e000 	c:\Users\tomoy\.antigravity\extensions\redhat.java-1.51.0-win32-x64\jre\21.0.9-win32-x86_64\bin\VCRUNTIME140.dll
0x00007fff80290000 - 0x00007fff80523000 	C:\WINDOWS\WinSxS\amd64_microsoft.windows.common-controls_6595b64144ccf1df_6.0.26100.7309_none_3e05feeae336a044\COMCTL32.dll
0x00007fff97050000 - 0x00007fff970f9000 	C:\WINDOWS\System32\msvcrt.dll
0x00007fff973a0000 - 0x00007fff973d1000 	C:\WINDOWS\System32\IMM32.DLL
0x00007fff92240000 - 0x00007fff9224c000 	c:\Users\tomoy\.antigravity\extensions\redhat.java-1.51.0-win32-x64\jre\21.0.9-win32-x86_64\bin\vcruntime140_1.dll
0x00007fff7abe0000 - 0x00007fff7ac6d000 	c:\Users\tomoy\.antigravity\extensions\redhat.java-1.51.0-win32-x64\jre\21.0.9-win32-x86_64\bin\msvcp140.dll
0x00007ffefd820000 - 0x00007ffefe5c0000 	c:\Users\tomoy\.antigravity\extensions\redhat.java-1.51.0-win32-x64\jre\21.0.9-win32-x86_64\bin\server\jvm.dll
0x00007fff96f90000 - 0x00007fff97044000 	C:\WINDOWS\System32\ADVAPI32.dll
0x00007fff98090000 - 0x00007fff98136000 	C:\WINDOWS\System32\sechost.dll
0x00007fff98520000 - 0x00007fff98638000 	C:\WINDOWS\System32\RPCRT4.dll
0x00007fff96ef0000 - 0x00007fff96f64000 	C:\WINDOWS\System32\WS2_32.dll
0x00007fff95480000 - 0x00007fff954de000 	C:\WINDOWS\SYSTEM32\POWRPROF.dll
0x00007fff874e0000 - 0x00007fff87515000 	C:\WINDOWS\SYSTEM32\WINMM.dll
0x00007fff8f210000 - 0x00007fff8f21b000 	C:\WINDOWS\SYSTEM32\VERSION.dll
0x00007fff953a0000 - 0x00007fff953b4000 	C:\WINDOWS\SYSTEM32\UMPDC.dll
0x00007fff94550000 - 0x00007fff9456b000 	C:\WINDOWS\SYSTEM32\kernel.appcore.dll
0x00007fff92160000 - 0x00007fff9216a000 	c:\Users\tomoy\.antigravity\extensions\redhat.java-1.51.0-win32-x64\jre\21.0.9-win32-x86_64\bin\jimage.dll
0x00007fff82ec0000 - 0x00007fff83102000 	C:\WINDOWS\SYSTEM32\DBGHELP.DLL
0x00007fff97ca0000 - 0x00007fff98026000 	C:\WINDOWS\System32\combase.dll
0x00007fff96420000 - 0x00007fff964f6000 	C:\WINDOWS\System32\OLEAUT32.dll
0x00007fff6e330000 - 0x00007fff6e36c000 	C:\WINDOWS\SYSTEM32\dbgcore.DLL
0x00007fff96070000 - 0x00007fff96115000 	C:\WINDOWS\System32\bcryptPrimitives.dll
0x00007fff90750000 - 0x00007fff9075f000 	c:\Users\tomoy\.antigravity\extensions\redhat.java-1.51.0-win32-x64\jre\21.0.9-win32-x86_64\bin\instrument.dll
0x00007fff7aef0000 - 0x00007fff7af10000 	c:\Users\tomoy\.antigravity\extensions\redhat.java-1.51.0-win32-x64\jre\21.0.9-win32-x86_64\bin\java.dll
0x00007fff974a0000 - 0x00007fff97bf3000 	C:\WINDOWS\System32\SHELL32.dll
0x00007fff95900000 - 0x00007fff95a6a000 	C:\WINDOWS\System32\wintypes.dll
0x00007fff933a0000 - 0x00007fff93bfe000 	C:\WINDOWS\SYSTEM32\windows.storage.dll
0x00007fff98420000 - 0x00007fff98515000 	C:\WINDOWS\System32\SHCORE.dll
0x00007fff98140000 - 0x00007fff981a6000 	C:\WINDOWS\System32\shlwapi.dll
0x00007fff956f0000 - 0x00007fff95719000 	C:\WINDOWS\SYSTEM32\profapi.dll
0x00007fff7ae00000 - 0x00007fff7ae18000 	c:\Users\tomoy\.antigravity\extensions\redhat.java-1.51.0-win32-x64\jre\21.0.9-win32-x86_64\bin\zip.dll
0x00007fff906c0000 - 0x00007fff906d0000 	C:\Users\tomoy\.antigravity\extensions\redhat.java-1.51.0-win32-x64\jre\21.0.9-win32-x86_64\bin\net.dll
0x00007fff8e5a0000 - 0x00007fff8e6c8000 	C:\WINDOWS\SYSTEM32\WINHTTP.dll
0x00007fff94af0000 - 0x00007fff94b5b000 	C:\WINDOWS\system32\mswsock.dll
0x00007fff7aa80000 - 0x00007fff7aa96000 	C:\Users\tomoy\.antigravity\extensions\redhat.java-1.51.0-win32-x64\jre\21.0.9-win32-x86_64\bin\nio.dll
0x00007fff8e3c0000 - 0x00007fff8e3d0000 	c:\Users\tomoy\.antigravity\extensions\redhat.java-1.51.0-win32-x64\jre\21.0.9-win32-x86_64\bin\verify.dll
0x00007fff59d60000 - 0x00007fff59da4000 	C:\Users\tomoy\AppData\Roaming\Antigravity\User\globalStorage\redhat.java\1.51.0\config_win\org.eclipse.equinox.launcher\org.eclipse.equinox.launcher.win32.win32.x86_64_1.2.1400.v20250801-0854\eclipse_11916.dll
0x00007fff96a10000 - 0x00007fff96ba7000 	C:\WINDOWS\System32\ole32.dll

JVMTI agents:
c:\Users\tomoy\.antigravity\extensions\redhat.java-1.51.0-win32-x64\lombok\lombok-1.18.39-4050.jar path:c:\Users\tomoy\.antigravity\extensions\redhat.java-1.51.0-win32-x64\jre\21.0.9-win32-x86_64\bin\instrument.dll, loaded, initialized, instrumentlib options:none

dbghelp: loaded successfully - version: 4.0.5 - missing functions: none
symbol engine: initialized successfully - sym options: 0x614 - pdb path: .;c:\Users\tomoy\.antigravity\extensions\redhat.java-1.51.0-win32-x64\jre\21.0.9-win32-x86_64\bin;C:\WINDOWS\SYSTEM32;C:\WINDOWS\WinSxS\amd64_microsoft.windows.common-controls_6595b64144ccf1df_6.0.26100.7309_none_3e05feeae336a044;c:\Users\tomoy\.antigravity\extensions\redhat.java-1.51.0-win32-x64\jre\21.0.9-win32-x86_64\bin\server;C:\Users\tomoy\AppData\Roaming\Antigravity\User\globalStorage\redhat.java\1.51.0\config_win\org.eclipse.equinox.launcher\org.eclipse.equinox.launcher.win32.win32.x86_64_1.2.1400.v20250801-0854

VM Arguments:
jvm_args: --add-modules=ALL-SYSTEM --add-opens=java.base/java.util=ALL-UNNAMED --add-opens=java.base/java.lang=ALL-UNNAMED --add-opens=java.base/sun.nio.fs=ALL-UNNAMED -Declipse.application=org.eclipse.jdt.ls.core.id1 -Dosgi.bundles.defaultStartLevel=4 -Declipse.product=org.eclipse.jdt.ls.core.product -Djava.import.generatesMetadataFilesAtProjectRoot=false -DDetectVMInstallationsJob.disabled=true -Dfile.encoding=utf8 -XX:+UseParallelGC -XX:GCTimeRatio=4 -XX:AdaptiveSizePolicyWeight=90 -Dsun.zip.disableMemoryMapping=true -Xmx2G -Xms100m -Xlog:disable -javaagent:c:\Users\tomoy\.antigravity\extensions\redhat.java-1.51.0-win32-x64\lombok\lombok-1.18.39-4050.jar -XX:+HeapDumpOnOutOfMemoryError -XX:HeapDumpPath=c:\Users\tomoy\AppData\Roaming\Antigravity\User\workspaceStorage\401725477c75f69859740717a258c6f4\redhat.java -Daether.dependencyCollector.impl=bf 
java_command: c:\Users\tomoy\.antigravity\extensions\redhat.java-1.51.0-win32-x64\server\plugins\org.eclipse.equinox.launcher_1.7.100.v20251111-0406.jar -configuration c:\Users\tomoy\AppData\Roaming\Antigravity\User\globalStorage\redhat.java\1.51.0\config_win -data c:\Users\tomoy\AppData\Roaming\Antigravity\User\workspaceStorage\401725477c75f69859740717a258c6f4\redhat.java\jdt_ws --pipe=\\.\pipe\lsp-844f75d39c3cc889bbea4049907cc668-sock
java_class_path (initial): c:\Users\tomoy\.antigravity\extensions\redhat.java-1.51.0-win32-x64\server\plugins\org.eclipse.equinox.launcher_1.7.100.v20251111-0406.jar
Launcher Type: SUN_STANDARD

[Global flags]
    uintx AdaptiveSizePolicyWeight                 = 90                                        {product} {command line}
     intx CICompilerCount                          = 12                                        {product} {ergonomic}
    uintx GCTimeRatio                              = 4                                         {product} {command line}
     bool HeapDumpOnOutOfMemoryError               = true                                   {manageable} {command line}
    ccstr HeapDumpPath                             = c:\Users\tomoy\AppData\Roaming\Antigravity\User\workspaceStorage\401725477c75f69859740717a258c6f4\redhat.java         {manageable} {command line}
   size_t InitialHeapSize                          = 104857600                                 {product} {command line}
   size_t MaxHeapSize                              = 2147483648                                {product} {command line}
   size_t MaxNewSize                               = 715653120                                 {product} {ergonomic}
   size_t MinHeapDeltaBytes                        = 524288                                    {product} {ergonomic}
   size_t MinHeapSize                              = 104857600                                 {product} {command line}
   size_t NewSize                                  = 34603008                                  {product} {ergonomic}
    uintx NonNMethodCodeHeapSize                   = 7602480                                {pd product} {ergonomic}
    uintx NonProfiledCodeHeapSize                  = 122027880                              {pd product} {ergonomic}
   size_t OldSize                                  = 70254592                                  {product} {ergonomic}
    uintx ProfiledCodeHeapSize                     = 122027880                              {pd product} {ergonomic}
    uintx ReservedCodeCacheSize                    = 251658240                              {pd product} {ergonomic}
     bool SegmentedCodeCache                       = true                                      {product} {ergonomic}
   size_t SoftMaxHeapSize                          = 2147483648                             {manageable} {ergonomic}
     bool UseCompressedOops                        = true                           {product lp64_product} {ergonomic}
     bool UseLargePagesIndividualAllocation        = false                                  {pd product} {ergonomic}
     bool UseParallelGC                            = true                                      {product} {command line}

Logging:
Log output configuration:
 #0: stdout all=off uptime,level,tags foldmultilines=false
 #1: stderr all=off uptime,level,tags foldmultilines=false

Release file:
JAVA_VERSION="21.0.9" 
MODULES="java.base java.compiler java.datatransfer java.xml java.prefs java.desktop java.instrument java.logging java.management java.security.sasl java.naming java.rmi java.management.rmi java.net.http java.scripting java.security.jgss java.transaction.xa java.sql java.sql.rowset java.xml.crypto java.se java.smartcardio jdk.accessibility jdk.internal.jvmstat jdk.attach jdk.charsets jdk.internal.opt jdk.zipfs jdk.compiler jdk.crypto.ec jdk.crypto.cryptoki jdk.crypto.mscapi jdk.dynalink jdk.internal.ed jdk.editpad jdk.hotspot.agent jdk.httpserver jdk.internal.le jdk.internal.vm.ci jdk.internal.vm.compiler jdk.internal.vm.compiler.management jdk.jartool jdk.javadoc jdk.jcmd jdk.management jdk.management.agent jdk.jconsole jdk.jdeps jdk.jdwp.agent jdk.jdi jdk.jfr jdk.jshell jdk.jsobject jdk.jstatd jdk.localedata jdk.management.jfr jdk.naming.dns jdk.naming.rmi jdk.net jdk.nio.mapmode jdk.random jdk.sctp jdk.security.auth jdk.security.jgss jdk.unsupported jdk.unsupported.desktop jdk.xml.dom" 

Environment Variables:
JAVA_HOME=C:\Program Files\Eclipse Adoptium\jdk-21.0.6.7-hotspot\
PATH=C:\Program Files\Common Files\Oracle\Java\javapath;C:\Program Files (x86)\Common Files\Oracle\Java\java8path;C:\Program Files (x86)\Common Files\Oracle\Java\javapath;C:\Program Files\Eclipse Adoptium\jdk-21.0.6.7-hotspot\bin;C:\Program Files\Android\android-sdk\platform-tools;C:\Program Files\dotnet\;C:\Program Files\nodejs\;C:\Program Files\Docker\Docker\resources\bin;C:\Program Files\NVIDIA Corporation\NVIDIA App\NvDLISR;C:\Program Files (x86)\Windows Kits\10\Windows Performance Toolkit\;C:\Program Files\Amazon\AWSCLIV2\;C:\WINDOWS\system32;C:\WINDOWS;C:\WINDOWS\System32\Wbem;C:\WINDOWS\System32\WindowsPowerShell\v1.0\;C:\WINDOWS\System32\OpenSSH\;C:\Program Files (x86)\NVIDIA Corporation\PhysX\Common;C:\Program Files\cursor\resources\app\bin;C:\Users\tomoy\AppData\Local\Programs\Python\Python38\Scripts\;C:\Users\tomoy\AppData\Local\Programs\Python\Python38\;C:\Users\tomoy\AppData\Local\Programs\Python\Python310\Scripts\;C:\Users\tomoy\AppData\Local\Programs\Python\Python310\;C:\Users\tomoy\AppData\Local\Programs\Python\Python313\Scripts\;C:\Users\tomoy\AppData\Local\Programs\Python\Python313\;F:\Ruby30-x64\bin;C:\Users\tomoy\AppData\Local\Programs\Python\Python311\Scripts;C:\Program Files (x86)\Common Files\Oracle\Java\javapath;C:\Program Files\Oculus\Support\oculus-runtime;C:\Windows\system32;C:\Windows;C:\Windows\System32\Wbem;C:\Windows\System32\WindowsPowerShell\v1.0\;C:\Windows\System32\OpenSSH\;C:\Program Files\NVIDIA Corporation\NVIDIA NvDLISR;C:\WINDOWS\system32;C:\WINDOWS;C:\WINDOWS\System32\Wbem;C:\WINDOWS\System32\WindowsPowerShell\v1.0\;C:\WINDOWS\System32\OpenSSH\;C:\Program Files\dotnet\;C:\Program Files\Git\cmd;C:\Program Files (x86)\NVIDIA Corporation\PhysX\Common;D:\Microsoft VS Code\bin;C:\Users\tomoy\AppData\Local\Packages\PythonSoftwareFoundation.Python.3.9_qbz5n2kfra8p0\LocalCache\local-packages\Python39\Scripts;C:\Users\tomoy\AppData\Roaming\Programs\Zero Install;C:\Users\tomoy\AppData\Local\Programs\EmEditor;C:\Users\tomoy\Downloads\platform-tools-latest-windows\platform-tools;C:\Users\tomoy\AppData\Roaming\npm;C:\Users\tomoy\AppData\Local\GitHubDesktop\bin;C:\Users\tomoy\.dotnet\tools;C:\Users\tomoy\AppData\Local\Microsoft\WindowsApps;C:\Users\tomoy\AppData\Local\oKgjShTJ\;C:\Users\tomoy\AppData\Local\PowerToys\DSCModules\;C:\Users\tomoy\AppData\Local\Microsoft\WinGet\Links;C:\Users\tomoy\AppData\Local\Programs\Antigravity\bin
USERNAME=tomoy
OS=Windows_NT
PROCESSOR_IDENTIFIER=Intel64 Family 6 Model 165 Stepping 5, GenuineIntel
TMP=C:\Users\tomoy\AppData\Local\Temp
TEMP=C:\Users\tomoy\AppData\Local\Temp




Periodic native trim disabled

---------------  S Y S T E M  ---------------

OS:
 Windows 11 , 64 bit Build 26100 (10.0.26100.7623)
OS uptime: 0 days 2:38 hours
Hyper-V role detected

CPU: total 16 (initial active 16) (8 cores per cpu, 2 threads per core) family 6 model 165 stepping 5 microcode 0xe2, cx8, cmov, fxsr, ht, mmx, 3dnowpref, sse, sse2, sse3, ssse3, sse4.1, sse4.2, popcnt, lzcnt, tsc, tscinvbit, avx, avx2, aes, erms, clmul, bmi1, bmi2, adx, fma, vzeroupper, clflush, clflushopt, hv, rdtscp, f16c
Processor Information for the first 16 processors :
  Max Mhz: 2904, Current Mhz: 2904, Mhz Limit: 2904

Memory: 4k page, system-wide physical 32639M (8743M free)
TotalPageFile size 34687M (AvailPageFile size 0M)
current process WorkingSet (physical memory assigned to process): 102M, peak: 113M
current process commit charge ("private bytes"): 259M, peak: 270M

vm_info: OpenJDK 64-Bit Server VM (21.0.9+10-LTS) for windows-amd64 JRE (21.0.9+10-LTS), built on 2025-10-21T00:00:00Z by "admin" with unknown MS VC++:1942

END.
